Build started 8/27/2013 3:17:02 PM.
     1>Project "Z:\MINX\MINX\MINX\MINX.vcxproj" on node 2 (Build target(s)).
     1>ClCompile:
         C:\Program Files (x86)\Microsoft Visual Studio 10.0\VC\bin\CL.exe /c /ZI /nologo /W3 /WX- /Od /Oy- /D _MBCS /Gm /EHsc /RTC1 /MDd /GS /fp:precise /Zc:wchar_t /Zc:forScope /Fo"Debug\\" /Fd"Debug\vc100.pdb" /Gd /TP /analyze- /errorReport:prompt ..\src\Game.cpp
         Game.cpp
       Lib:
         C:\Program Files (x86)\Microsoft Visual Studio 10.0\VC\bin\Lib.exe /OUT:"Z:\MINX\MINX\Debug\MINX.lib" SDL.lib SDLmain.lib SDL_ttf.lib SDL_mixer.lib SDL_image.lib /LIBPATH:..\lib\x86\ /NOLOGO Debug\AudioClip.obj
         Debug\Content.obj
         Debug\EventHandler.obj
         Debug\Game.obj
         Debug\GameComponent.obj
         Debug\GameTime.obj
         Debug\Color.obj
         Debug\Font.obj
         Debug\GameWindow.obj
         Debug\Primitives.obj
         Debug\Texture2D.obj
         Debug\Button.obj
         Debug\GamePad.obj
         Debug\IGenericHID.obj
         Debug\Keyboard.obj
         Debug\Mouse.obj
         Debug\Point.obj
         Debug\Ray2.obj
         Debug\Rectangle.obj
         Debug\Thread.obj
         Debug\Vector2.obj
     1>SDL_ttf.lib(SDL_ttf.dll) : warning LNK4006: __NULL_IMPORT_DESCRIPTOR already defined in SDL.lib(SDL.dll); second definition ignored
     1>SDL_ttf.lib(SDL_ttf.dll) : warning LNK4221: This object file does not define any previously undefined public symbols, so it will not be used by any link operation that consumes this library
     1>SDL_mixer.lib(SDL_mixer.dll) : warning LNK4006: __NULL_IMPORT_DESCRIPTOR already defined in SDL.lib(SDL.dll); second definition ignored
     1>SDL_mixer.lib(SDL_mixer.dll) : warning LNK4221: This object file does not define any previously undefined public symbols, so it will not be used by any link operation that consumes this library
     1>SDL_image.lib(SDL_image.dll) : warning LNK4006: __NULL_IMPORT_DESCRIPTOR already defined in SDL.lib(SDL.dll); second definition ignored
     1>SDL_image.lib(SDL_image.dll) : warning LNK4221: This object file does not define any previously undefined public symbols, so it will not be used by any link operation that consumes this library
         MINX.vcxproj -> Z:\MINX\MINX\Debug\MINX.lib
     1>Done Building Project "Z:\MINX\MINX\MINX\MINX.vcxproj" (Build target(s)).

Build succeeded.

Time Elapsed 00:00:05.03
